<?xml version="1.0" encoding="UTF-8"?>
<!-- Generated by org.testng.reporters.JUnitXMLReporter -->
<testsuite ignored="4" hostname="Lenovo-PC" failures="0" tests="6" name="LoginTest" time="130.399" errors="0" timestamp="2021-01-07T13:38:23 IST">
  <testcase classname="com.test.OrangeCRM.LoginTest" name="TEST1" time="3.369"/>
  <testcase classname="com.test.OrangeCRM.LoginTest" name="TEST2" time="2.778"/>
  <testcase classname="com.test.OrangeCRM.LoginTest1" name="TEST3" time="2.935"/>
  <testcase classname="com.test.OrangeCRM.LoginTest1" name="TEST4" time="3.465"/>
  <testcase classname="com.test.OrangeCRM.LoginTest3" name="TEST5" time="3.349"/>
  <testcase classname="com.test.OrangeCRM.LoginTest3" name="TEST6" time="2.742"/>
  <testcase classname="com.test.BaseTest.TestBase" name="@BeforeSuite starttest" time="0.0">
    <ignored/>
  </testcase> <!-- @BeforeSuite starttest -->
  <testcase classname="com.test.BaseTest.TestBase" name="@BeforeSuite starttest" time="0.0">
    <ignored/>
  </testcase> <!-- @BeforeSuite starttest -->
  <testcase classname="com.test.BaseTest.TestBase" name="@AfterSuite closedriver" time="0.0">
    <ignored/>
  </testcase> <!-- @AfterSuite closedriver -->
  <testcase classname="com.test.BaseTest.TestBase" name="@AfterSuite closedriver" time="0.0">
    <ignored/>
  </testcase> <!-- @AfterSuite closedriver -->
</testsuite> <!-- LoginTest -->
