<?xml version="1.0" encoding="UTF-8"?>
<!-- Generated by org.testng.reporters.JUnitXMLReporter -->
<testsuite ignored="0" hostname="Mehul" failures="2" tests="2" name="LoginTest" time="13.915" errors="0" timestamp="2024-01-09T19:29:22 GMT">
  <testcase classname="com.test.OrangeCRM.LoginTest" name="TEST1" time="1.511">
    <failure type="java.lang.AssertionError" message="expected [Tableau de bord] but found [Dashboard]">
      <![CDATA[java.lang.AssertionError: expected [Tableau de bord] but found [Dashboard]
at com.test.OrangeCRM.LoginTest.TEST1(LoginTest.java:66)
at java.base/java.util.ArrayList.forEach(ArrayList.java:1511)
... Removed 30 stack frames]]>
    </failure>
  </testcase> <!-- TEST1 -->
  <testcase classname="com.test.OrangeCRM.LoginTest" name="TEST2" time="1.364">
    <failure type="java.lang.AssertionError" message="expected [Tableau de bord] but found [Dashboard]">
      <![CDATA[java.lang.AssertionError: expected [Tableau de bord] but found [Dashboard]
at com.test.OrangeCRM.LoginTest.TEST2(LoginTest.java:90)
at java.base/java.util.ArrayList.forEach(ArrayList.java:1511)
... Removed 30 stack frames]]>
    </failure>
  </testcase> <!-- TEST2 -->
</testsuite> <!-- LoginTest -->
