<?xml version="1.0" encoding="UTF-8"?>
<!-- Generated by org.testng.reporters.JUnitXMLReporter -->
<testsuite ignored="2" hostname="LAPTOP-HLPTSBU6" failures="0" tests="3" name="Test" time="0.099" errors="0" timestamp="2020-11-03T14:22:51 IST">
  <testcase classname="com.test.OrangeCRM.LoginTest" name="HLogin" time="0.0">
    <skipped/>
  </testcase> <!-- HLogin -->
  <testcase classname="com.test.OrangeCRM.LoginTest" name="HLogin1" time="0.0">
    <skipped/>
  </testcase> <!-- HLogin1 -->
  <testcase classname="com.test.OrangeCRM.UserManagementTest" name="AddUsers" time="0.0">
    <skipped/>
  </testcase> <!-- AddUsers -->
  <testcase classname="com.test.BaseTest.TestBase" name="@BeforeSuite starttest" time="0.0">
    <ignored/>
  </testcase> <!-- @BeforeSuite starttest -->
  <testcase classname="com.test.BaseTest.TestBase" name="@AfterSuite closedriver" time="0.0">
    <ignored/>
  </testcase> <!-- @AfterSuite closedriver -->
</testsuite> <!-- Test -->
