<?xml version="1.0" encoding="UTF-8"?>
<!-- Generated by org.testng.reporters.JUnitXMLReporter -->
<testsuite ignored="0" hostname="LAPTOP-HLPTSBU6" failures="1" tests="2" name="Test" time="21.983" errors="0" timestamp="2020-12-18T15:30:35 IST">
  <testcase classname="com.test.OrangeCRM.LoginTest" name="HLogin" time="6.607"/>
  <testcase classname="com.test.OrangeCRM.LoginTest" name="HLogin" time="21.563">
    <failure type="java.lang.NullPointerException" message="Cannot invoke &amp;quot;com.relevantcodes.extentreports.ExtentTest.log(com.relevantcodes.extentreports.LogStatus, String)&amp;quot; because the return value of &amp;quot;com.test.Util.ExtentTestManager.getTest()&amp;quot; is null">
      <![CDATA[java.lang.NullPointerException: Cannot invoke "com.relevantcodes.extentreports.ExtentTest.log(com.relevantcodes.extentreports.LogStatus, String)" because the return value of "com.test.Util.ExtentTestManager.getTest()" is null
at Listeners.TestListener.onTestSuccess(TestListener.java:40)
at java.base/java.util.ArrayList.forEach(ArrayList.java:1511)
... Removed 24 stack frames]]>
    </failure>
  </testcase> <!-- HLogin -->
</testsuite> <!-- Test -->
